<?xml version="1.0" encoding="UTF-8"?>
<!-- Generated by org.testng.reporters.JUnitReportReporter -->
<testsuite hostname="Chandrika" failures="0" tests="1" name="driverFactory.AppTest" time="102.198" errors="0" timestamp="2025-03-03T16:37:15 IST" skipped="0">
  <testcase classname="driverFactory.AppTest" name="startTest" time="102.198">
    <system-out>
      <![CDATA[No of rows are::10]]>
    </system-out>
  </testcase> <!-- startTest -->
  <system-out>
    <![CDATA[No of rows are::10]]>
  </system-out>
</testsuite> <!-- driverFactory.AppTest -->
