<?xml version="1.0" encoding="UTF-8"?>
<testng-results ignored="0" total="1" passed="1" failed="0" skipped="0">
  <reporter-output>
    <line>
      <![CDATA[No of rows are::10]]>
    </line>
  </reporter-output>
  <suite started-at="2025-03-03T16:35:14 IST" name="Default suite" finished-at="2025-03-03T16:37:14 IST" duration-ms="120009">
    <groups>
    </groups>
    <test started-at="2025-03-03T16:35:14 IST" name="Default test" finished-at="2025-03-03T16:37:14 IST" duration-ms="120009">
      <class name="driverFactory.AppTest">
        <test-method is-config="true" signature="setUp()[pri:0, instance:driverFactory.AppTest@45752059]" started-at="2025-03-03T16:35:14 IST" name="setUp" finished-at="2025-03-03T16:35:28 IST" duration-ms="13198" status="PASS">
          <reporter-output>
          </reporter-output>
        </test-method> <!-- setUp -->
        <test-method signature="startTest()[pri:0, instance:driverFactory.AppTest@45752059]" started-at="2025-03-03T16:35:28 IST" name="startTest" finished-at="2025-03-03T16:37:10 IST" duration-ms="102198" status="PASS">
          <reporter-output>
            <line>
              <![CDATA[No of rows are::10]]>
            </line>
          </reporter-output>
        </test-method> <!-- startTest -->
        <test-method is-config="true" signature="tearDown()[pri:0, instance:driverFactory.AppTest@45752059]" started-at="2025-03-03T16:37:10 IST" name="tearDown" finished-at="2025-03-03T16:37:14 IST" duration-ms="4484" status="PASS">
          <reporter-output>
          </reporter-output>
        </test-method> <!-- tearDown -->
      </class> <!-- driverFactory.AppTest -->
    </test> <!-- Default test -->
  </suite> <!-- Default suite -->
</testng-results>
